<?xml version="1.0" encoding="UTF-8"?>
<!-- Generated by org.testng.reporters.JUnitXMLReporter -->
<testsuite ignored="0" hostname="TYSS-Akash" failures="0" tests="4" name="Test" time="49.466" errors="0" timestamp="2023-11-14T14:59:33 IST">
  <testcase classname="com.qa.Packt.TitlePackt" name="title" time="0.464"/>
  <testcase classname="com.qa.Packt.NavigationPackt" name="navigation" time="7.688"/>
  <testcase classname="com.qa.Packt.HomePagePositioning" name="positioning" time="11.975"/>
  <testcase classname="com.qa.Packt.BrowserPackt" name="browser" time="11.238"/>
</testsuite> <!-- Test -->
